<?xml version="1.0" encoding="UTF-8" ?>
<testsuite tests="32" failures="0" name="cucumberOptions.TestRunner" time="0.362" errors="0" skipped="0">
  <properties>
[...]
</properties>
  <testcase classname="Scenario: Validate if borrow calculator returns expected results" name="Given Initialize the browser with chrome" time="0.005"/>
  <testcase classname="Scenario: Validate if borrow calculator returns expected results" name="Then Navigate to &quot;/personal/home-loans/calculators-tools/much-borrow/&quot; Site" time="0"/>
  <testcase classname="Scenario: Validate if borrow calculator returns expected results" name="And Select application type as &quot;Single&quot;" time="0.002"/>
  <testcase classname="Scenario: Validate if borrow calculator returns expected results" name="And Select property to live in as &quot;Home to Live in&quot;" time="0"/>
  <testcase classname="Scenario: Validate if borrow calculator returns expected results" name="And Select  &quot;0&quot; dependants from Dropdown" time="0"/>
  <testcase classname="Scenario: Validate if borrow calculator returns expected results" name="And Enter  &quot;80000&quot; in Your income (before tax) input field" time="0"/>
  <testcase classname="Scenario: Validate if borrow calculator returns expected results" name="And Enter  &quot;10000&quot; in Your Other income input field" time="0"/>
  <testcase classname="Scenario: Validate if borrow calculator returns expected results" name="And Enter  &quot;500&quot; in  Living expenses input field" time="0"/>
  <testcase classname="Scenario: Validate if borrow calculator returns expected results" name="And Enter  &quot;0&quot; in  Current home loan repayments  input field" time="0"/>
  <testcase classname="Scenario: Validate if borrow calculator returns expected results" name="And Enter  &quot;100&quot; in  Other loan repayments input field" time="0"/>
  <testcase classname="Scenario: Validate if borrow calculator returns expected results" name="And Enter  &quot;0&quot; in  Other commitments input field" time="0"/>
  <testcase classname="Scenario: Validate if borrow calculator returns expected results" name="And Enter  &quot;10000&quot; in  Total credit card limits input field" time="0"/>
  <testcase classname="Scenario: Validate if borrow calculator returns expected results" name="When User submits the details" time="0"/>
  <testcase classname="Scenario: Validate if borrow calculator returns expected results" name="Then Verify that borrow amount is &quot;$507,000&quot;" time="0"/>
  <testcase classname="Scenario: Validate if borrow calculator returns expected results" name="Scenario: Validate if borrow calculator returns expected results" time="0.168"/>
  <testcase classname="Scenario: Validate if Entering only $1 for Living expenses, and leaving all other fields as zero, clicking" name="Given Initialize the browser with chrome" time="0.001"/>
  <testcase classname="Scenario: Validate if Entering only $1 for Living expenses, and leaving all other fields as zero, clicking" name="Then Navigate to &quot;/personal/home-loans/calculators-tools/much-borrow/&quot; Site" time="0"/>
  <testcase classname="Scenario: Validate if Entering only $1 for Living expenses, and leaving all other fields as zero, clicking" name="And Enter  &quot;1&quot; in  Living expenses input field" time="0"/>
  <testcase classname="Scenario: Validate if Entering only $1 for Living expenses, and leaving all other fields as zero, clicking" name="When User submits the details" time="0"/>
  <testcase classname="Scenario: Validate if Entering only $1 for Living expenses, and leaving all other fields as zero, clicking" name="Then Verify the Error Message is &quot;Based on the details you&apos;ve entered, we&apos;re unable to give you an estimate of your borrowing power with this calculator. For questions, call us on 1800 035 500.&quot;" time="0"/>
  <testcase classname="Scenario: Validate if Entering only $1 for Living expenses, and leaving all other fields as zero, clicking" name="Scenario: Validate if Entering only $1 for Living expenses, and leaving all other fields as zero, clicking" time="0.091"/>
  <testcase classname="Scenario: Validate if Clicking the ‘start over’ button clears the form." name="Given Initialize the browser with chrome" time="0"/>
  <testcase classname="Scenario: Validate if Clicking the ‘start over’ button clears the form." name="Then Navigate to &quot;/personal/home-loans/calculators-tools/much-borrow/&quot; Site" time="0.001"/>
  <testcase classname="Scenario: Validate if Clicking the ‘start over’ button clears the form." name="And Enter  &quot;80000&quot; in Your income (before tax) input field" time="0"/>
  <testcase classname="Scenario: Validate if Clicking the ‘start over’ button clears the form." name="And Enter  &quot;10,000&quot; in Your Other income input field" time="0"/>
  <testcase classname="Scenario: Validate if Clicking the ‘start over’ button clears the form." name="And Enter  &quot;500&quot; in  Living expenses input field" time="0"/>
  <testcase classname="Scenario: Validate if Clicking the ‘start over’ button clears the form." name="And Enter  &quot;0&quot; in  Current home loan repayments  input field" time="0"/>
  <testcase classname="Scenario: Validate if Clicking the ‘start over’ button clears the form." name="And Enter  &quot;100&quot; in  Other loan repayments input field" time="0"/>
  <testcase classname="Scenario: Validate if Clicking the ‘start over’ button clears the form." name="And Enter  &quot;0&quot; in  Other commitments input field" time="0"/>
  <testcase classname="Scenario: Validate if Clicking the ‘start over’ button clears the form." name="And Enter  &quot;10000&quot; in  Total credit card limits input field" time="0"/>
  <testcase classname="Scenario: Validate if Clicking the ‘start over’ button clears the form." name="When User submits the details" time="0"/>
  <testcase classname="Scenario: Validate if Clicking the ‘start over’ button clears the form." name="Scenario: Validate if Clicking the ‘start over’ button clears the form." time="0.094"/>
</testsuite>